{"numFailedTestSuites":1,"numFailedTests":1,"numPassedTestSuites":0,"numPassedTests":3,"numPendingTestSuites":0,"numPendingTests":0,"numRuntimeErrorTestSuites":0,"numTodoTests":0,"numTotalTestSuites":1,"numTotalTests":4,"openHandles":[],"snapshot":{"added":0,"didUpdate":false,"failure":false,"filesAdded":0,"filesRemoved":0,"filesRemovedList":[],"filesUnmatched":0,"filesUpdated":0,"matched":0,"total":0,"unchecked":0,"uncheckedKeysByFile":[],"unmatched":0,"updated":0},"startTime":1774229741005,"success":false,"testResults":[{"assertionResults":[{"ancestorTitles":["SignUpPage Form Validation"],"duration":117,"failing":false,"failureDetails":[{"name":"TestingLibraryElementError"}],"failureMessages":["TestingLibraryElementError: Found multiple elements with the role \"button\" and name `/Sign Up/i`\n\nHere are the matching elements:\n\nIgnored nodes: comments, script, style\n\u001b[36m<button\u001b[39m\n  \u001b[33mclass\u001b[39m=\u001b[32m\"w-full mt-4 rounded-2xl bg-gradient-to-r from-violet-600 to-fuchsia-500 py-4 text-white font-semibold text-lg shadow-[0_12px_30px_rgba(139,92,246,0.28)] hover:scale-[1.01] transition\"\u001b[39m\n  \u001b[33mtype\u001b[39m=\u001b[32m\"submit\"\u001b[39m\n\u001b[36m>\u001b[39m\n  \u001b[0mSign Up\u001b[0m\n\u001b[36m</button>\u001b[39m\n\nIgnored nodes: comments, script, style\n\u001b[36m<button\u001b[39m\n  \u001b[33mclass\u001b[39m=\u001b[32m\"w-full rounded-2xl border border-slate-200 bg-white py-4 text-slate-700 font-medium hover:bg-slate-50 transition\"\u001b[39m\n  \u001b[33mtype\u001b[39m=\u001b[32m\"button\"\u001b[39m\n\u001b[36m>\u001b[39m\n  \u001b[0mSign up with Google\u001b[0m\n\u001b[36m</button>\u001b[39m\n\n(If this is intentional, then use the `*AllBy*` variant of the query (like `queryAllByText`, `getAllByText`, or `findAllByText`)).\n\nIgnored nodes: comments, script, style\n\u001b[36m<body>\u001b[39m\n  \u001b[36m<div>\u001b[39m\n    \u001b[36m<main\u001b[39m\n      \u001b[33mclass\u001b[39m=\u001b[32m\"min-h-screen bg-[#f8f8fb] text-slate-900 flex items-center justify-center px-6 py-16\"\u001b[39m\n    \u001b[36m>\u001b[39m\n      \u001b[36m<div\u001b[39m\n        \u001b[33mclass\u001b[39m=\u001b[32m\"w-full max-w-md\"\u001b[39m\n      \u001b[36m>\u001b[39m\n        \u001b[36m<div\u001b[39m\n          \u001b[33mclass\u001b[39m=\u001b[32m\"flex items-center justify-center gap-3 mb-8\"\u001b[39m\n        \u001b[36m>\u001b[39m\n          \u001b[36m<div\u001b[39m\n            \u001b[33mclass\u001b[39m=\u001b[32m\"w-12 h-12 rounded-xl bg-gradient-to-r from-violet-600 to-fuchsia-500 text-white flex items-center justify-center font-bold text-2xl shadow-lg shadow-violet-500/20\"\u001b[39m\n          \u001b[36m>\u001b[39m\n            \u001b[0mM\u001b[0m\n          \u001b[36m</div>\u001b[39m\n          \u001b[36m<span\u001b[39m\n            \u001b[33mclass\u001b[39m=\u001b[32m\"text-4xl font-extrabold tracking-tight text-slate-900\"\u001b[39m\n          \u001b[36m>\u001b[39m\n            \u001b[0mMoodFLOW\u001b[0m\n          \u001b[36m</span>\u001b[39m\n        \u001b[36m</div>\u001b[39m\n        \u001b[36m<div\u001b[39m\n          \u001b[33mclass\u001b[39m=\u001b[32m\"rounded-[32px] bg-white shadow-[0_20px_60px_rgba(15,23,42,0.08)] border border-slate-100 px-8 py-10\"\u001b[39m\n        \u001b[36m>\u001b[39m\n          \u001b[36m<div\u001b[39m\n            \u001b[33mclass\u001b[39m=\u001b[32m\"text-center mb-8\"\u001b[39m\n          \u001b[36m>\u001b[39m\n            \u001b[36m<h1\u001b[39m\n              \u001b[33mclass\u001b[39m=\u001b[32m\"text-4xl font-extrabold tracking-tight text-slate-900\"\u001b[39m\n            \u001b[36m>\u001b[39m\n              \u001b[0mSign up for a new account\u001b[0m\n            \u001b[36m</h1>\u001b[39m\n            \u001b[36m<p\u001b[39m\n              \u001b[33mclass\u001b[39m=\u001b[32m\"mt-3 text-base text-slate-500\"\u001b[39m\n            \u001b[36m>\u001b[39m\n              \u001b[0mWelcome! Please enter your details to create a new account\u001b[0m\n            \u001b[36m</p>\u001b[39m\n          \u001b[36m</div>\u001b[39m\n          \u001b[36m<form\u001b[39m\n            \u001b[33mclass\u001b[39m=\u001b[32m\"space-y-5\"\u001b[39m\n          \u001b[36m>\u001b[39m\n            \u001b[36m<div>\u001b[39m\n              \u001b[36m<label\u001b[39m\n                \u001b[33mclass\u001b[39m=\u001b[32m\"block text-sm font-semibold text-slate-700 mb-2\"\u001b[39m\n              \u001b[36m>\u001b[39m\n                \u001b[0mEmail address\u001b[0m\n              \u001b[36m</label>\u001b[39m\n              \u001b[36m<div\u001b[39m\n                \u001b[33mclass\u001b[39m=\u001b[32m\"flex items-center gap-3 rounded-2xl border border-slate-200 bg-white px-4 py-4 focus-within:ring-2 focus-within:ring-violet-500/20 focus-within:border-violet-400 transition\"\u001b[39m\n              \u001b[36m>\u001b[39m\n                \u001b[36m<svg\u001b[39m\n                  \u001b[33maria-hidden\u001b[39m=\u001b[32m\"true\"\u001b[39m\n                  \u001b[33mclass\u001b[39m=\u001b[32m\"lucide lucide-mail w-5 h-5 text-slate-400\"\u001b[39m\n                  \u001b[33mfill\u001b[39m=\u001b[32m\"none\"\u001b[39m\n                  \u001b[33mheight\u001b[39m=\u001b[32m\"24\"\u001b[39m\n                  \u001b[33mstroke\u001b[39m=\u001b[32m\"currentColor\"\u001b[39m\n                  \u001b[33mstroke-linecap\u001b[39m=\u001b[32m\"round\"\u001b[39m\n                  \u001b[33mstroke-linejoin\u001b[39m=\u001b[32m\"round\"\u001b[39m\n                  \u001b[33mstroke-width\u001b[39m=\u001b[32m\"2\"\u001b[39m\n                  \u001b[33mviewBox\u001b[39m=\u001b[32m\"0 0 24 24\"\u001b[39m\n                  \u001b[33mwidth\u001b[39m=\u001b[32m\"24\"\u001b[39m\n                  \u001b[33mxmlns\u001b[39m=\u001b[32m\"http://www.w3.org/2000/svg\"\u001b[39m\n                \u001b[36m>\u001b[39m\n                  \u001b[36m<path\u001b[39m\n                    \u001b[33md\u001b[39m=\u001b[32m\"m22 7-8.991 5.727a2 2 0 0 1-2.009 0L2 7\"\u001b[39m\n                  \u001b[36m/>\u001b[39m\n                  \u001b[36m<rect\u001b[39m\n                    \u001b[33mheight\u001b[39m=\u001b[32m\"16\"\u001b[39m\n                    \u001b[33mrx\u001b[39m=\u001b[32m\"2\"\u001b[39m\n                    \u001b[33mwidth\u001b[39m=\u001b[32m\"20\"\u001b[39m\n                    \u001b[33mx\u001b[39m=\u001b[32m\"2\"\u001b[39m\n                    \u001b[33my\u001b[39m=\u001b[32m\"4\"\u001b[39m\n                  \u001b[36m/>\u001b[39m\n                \u001b[36m</svg>\u001b[39m\n                \u001b[36m<input\u001b[39m\n                  \u001b[33mclass\u001b[39m=\u001b[32m\"w-full bg-transparent outline-none text-slate-700 placeholder:text-slate-400\"\u001b[39m\n                  \u001b[33mplaceholder\u001b[39m=\u001b[32m\"Email address\"\u001b[39m\n                  \u001b[33mrequired\u001b[39m=\u001b[32m\"\"\u001b[39m\n                  \u001b[33mtype\u001b[39m=\u001b[32m\"email\"\u001b[39m\n                  \u001b[33mvalue\u001b[39m=\u001b[32m\"\"\u001b[39m\n                \u001b[36m/>\u001b[39m\n              \u001b[36m</div>\u001b[39m\n            \u001b[36m</div>\u001b[39m\n            \u001b[36m<div>\u001b[39m\n              \u001b[36m<label\u001b[39m\n                \u001b[33mclass\u001b[39m=\u001b[32m\"block text-sm font-semibold text-slate-700 mb-2\"\u001b[39m\n              \u001b[36m>\u001b[39m\n                \u001b[0mPassword\u001b[0m\n              \u001b[36m</label>\u001b[39m\n              \u001b[36m<div\u001b[39m\n                \u001b[33mclass\u001b[39m=\u001b[32m\"flex items-center gap-3 rounded-2xl border border-slate-200 bg-white px-4 py-4 focus-within:ring-2 focus-within:ring-violet-500/20 focus-within:border-violet-400 transition\"\u001b[39m\n              \u001b[36m>\u001b[39m\n                \u001b[36m<svg\u001b[39m\n                  \u001b[33maria-hidden\u001b[39m=\u001b[32m\"true\"\u001b[39m\n                  \u001b[33mclass\u001b[39m=\u001b[32m\"lucide lucide-lock w-5 h-5 text-slate-400\"\u001b[39m\n                  \u001b[33mfill\u001b[39m=\u001b[32m\"none\"\u001b[39m\n                  \u001b[33mheight\u001b[39m=\u001b[32m\"24\"\u001b[39m\n                  \u001b[33mstroke\u001b[39m=\u001b[32m\"currentColor\"\u001b[39m\n                  \u001b[33mstroke-linecap\u001b[39m=\u001b[32m\"round\"\u001b[39m\n                  \u001b[33mstroke-linejoin\u001b[39m=\u001b[32m\"round\"\u001b[39m\n                  \u001b[33mstroke-width\u001b[39m=\u001b[32m\"2\"\u001b[39m\n                  \u001b[33mviewBox\u001b[39m=\u001b[32m\"0 0 24 24\"\u001b[39m\n                  \u001b[33mwidth\u001b[39m=\u001b[32m\"24\"\u001b[39m\n                  \u001b[33mxmlns\u001b[39m=\u001b[32m\"http://www.w3.org/2000/svg\"\u001b[39m\n                \u001b[36m>\u001b[39m\n                  \u001b[36m<rect\u001b[39m\n                    \u001b[33mheight\u001b[39m=\u001b[32m\"11\"\u001b[39m\n                    \u001b[33mrx\u001b[39m=\u001b[32m\"2\"\u001b[39m\n                    \u001b[33mry\u001b[39m=\u001b[32m\"2\"\u001b[39m\n                    \u001b[33mwidth\u001b[39m=\u001b[32m\"18\"\u001b[39m\n                    \u001b[33mx\u001b[39m=\u001b[32m\"3\"\u001b[39m\n                    \u001b[33my\u001b[39m=\u001b[32m\"11\"\u001b[39m\n                  \u001b[36m/>\u001b[39m\n                  \u001b[36m<path\u001b[39m\n                    \u001b[33md\u001b[39m=\u001b[32m\"M7 11V7a5 5 0 0 1 10 0v4\"\u001b[39m\n                  \u001b[36m/>\u001b[39m\n                \u001b[36m</svg>\u001b[39m\n                \u001b[36m<input\u001b[39m\n                  \u001b[33mclass\u001b[39m=\u001b[32m\"w-full bg-transparent outline-none text-slate-700 placeholder:text-slate-400\"\u001b[39m\n                  \u001b[33mplaceholder\u001b[39m=\u001b[32m\"Password\"\u001b[39m\n                  \u001b[33mrequired\u001b[39m=\u001b[32m\"\"\u001b[39m\n                  \u001b[33mtype\u001b[39m=\u001b[32m\"password\"\u001b[39m\n                  \u001b[33mvalue\u001b[39m=\u001b[32m\"\"\u001b[39m\n                \u001b[36m/>\u001b[39m\n              \u001b[36m</div>\u001b[39m\n            \u001b[36m</div>\u001b[39m\n            \u001b[36m<div>\u001b[39m\n              \u001b[36m<label\u001b[39m\n                \u001b[33mclass\u001b[39m=\u001b[32m\"block text-sm font-semibold text-slate-700 mb-2\"\u001b[39m\n              \u001b[36m>\u001b[39m\n                \u001b[0mConfirm Password\u001b[0m\n              \u001b[36m</label>\u001b[39m\n              \u001b[36m<div\u001b[39m\n                \u001b[33mclass\u001b[39m=\u001b[32m\"flex items-center gap-3 rounded-2xl border border-slate-200 bg-white px-4 py-4 focus-within:ring-2 focus-within:ring-violet-500/20 focus-within:border-violet-400 transition\"\u001b[39m\n              \u001b[36m>\u001b[39m\n                \u001b[36m<svg\u001b[39m\n                  \u001b[33maria-hidden\u001b[39m=\u001b[32m\"true\"\u001b[39m\n                  \u001b[33mclass\u001b[39m=\u001b[32m\"lucide lucide-lock w-5 h-5 text-slate-400\"\u001b[39m\n                  \u001b[33mfill\u001b[39m=\u001b[32m\"none\"\u001b[39m\n                  \u001b[33mheight\u001b[39m=\u001b[32m\"24\"\u001b[39m\n                  \u001b[33mstroke\u001b[39m=\u001b[32m\"currentColor\"\u001b[39m\n                  \u001b[33mstroke-linecap\u001b[39m=\u001b[32m\"round\"\u001b[39m\n                  \u001b[33mstroke-linejoin\u001b[39m=\u001b[32m\"round\"\u001b[39m\n                  \u001b[33mstroke-width\u001b[39m=\u001b[32m\"2\"\u001b[39m\n                  \u001b[33mviewBox\u001b[39m=\u001b[32m\"0 0 24 24\"\u001b[39m\n                  \u001b[33mwidth\u001b[39m=\u001b[32m\"24\"\u001b[39m\n                  \u001b[33mxmlns\u001b[39m=\u001b[32m\"http://www.w3.org/2000/svg\"\u001b[39m\n                \u001b[36m>\u001b[39m\n                  \u001b[36m<rect\u001b[39m\n                    \u001b[33mheight\u001b[39m=\u001b[32m\"11\"\u001b[39m\n                    \u001b[33mrx\u001b[39m=\u001b[32m\"2\"\u001b[39m\n                    \u001b[33mry\u001b[39m=\u001b[32m\"2\"\u001b[39m\n                    \u001b[33mwidth\u001b[39m=\u001b[32m\"18\"\u001b[39m\n                    \u001b[33mx\u001b[39m=\u001b[32m\"3\"\u001b[39m\n                    \u001b[33my\u001b[39m=\u001b[32m\"11\"\u001b[39m\n                  \u001b[36m/>\u001b[39m\n                  \u001b[36m<path\u001b[39m\n                    \u001b[33md\u001b[39m=\u001b[32m\"M7 11V7a5 5 0 0 1 10 0v4\"\u001b[39m\n                  \u001b[36m/>\u001b[39m\n                \u001b[36m</svg>\u001b[39m\n                \u001b[36m<input\u001b[39m\n                  \u001b[33mclass\u001b[39m=\u001b[32m\"w-full bg-transparent outline-none text-slate-700 placeholder:text-slate-400\"\u001b[39m\n                  \u001b[33mplaceholder\u001b[39m=\u001b[32m\"Password\"\u001b[39m\n                  \u001b[33mrequired\u001b[39m=\u001b[32m\"\"\u001b[39m\n                  \u001b[33mtype\u001b[39m=\u001b[32m\"password\"\u001b[39m\n                  \u001b[33mvalue\u001b[39m=\u001b[32m\"\"\u001b[39m\n                \u001b[36m/>\u001b[39m\n              \u001b[36m</div>\u001b[39m\n            \u001b[36m</div>\u001b[39m\n            \u001b[36m<button\u001b[39m\n              \u001b[33mclass\u001b[39m=\u001b[32m\"w-full mt-4 rounded-2xl bg-gradient-to-r from-violet-600 to-fuchsia-500 py-4 text-white font-semibold text-lg shadow-[0_12px_30px_rgba(139,92,246,0.28)] hover:scale-[1.01] transition\"\u001b[39m\n              \u001b[33mtype\u001b[39m=\u001b[32m\"submit\"\u001b[39m\n            \u001b[36m>\u001b[39m\n              \u001b[0mSign Up\u001b[0m\n            \u001b[36m</button>\u001b[39m\n          \u001b[36m</form>\u001b[39m\n          \u001b[36m<div\u001b[39m\n            \u001b[33mclass\u001b[39m=\u001b[32m\"flex items-center gap-4 my-8\"\u001b[39m\n          \u001b[36m>\u001b[39m\n            \u001b[36m<div\u001b[39m\n              \u001b[33mclass\u001b[39m=\u001b[32m\"h-px flex-1 bg-slate-200\"\u001b[39m\n            \u001b[36m/>\u001b[39m\n            \u001b[36m<span\u001b[39m\n              \u001b[33mclass\u001b[39m=\u001b[32m\"text-sm text-slate-400 font-medium\"\u001b[39m\n            \u001b[36m>\u001b[39m\n              \u001b[0mor\u001b[0m\n            \u001b[36m</span>\u001b[39m\n            \u001b[36m<div\u001b[39m\n              \u001b[33mclass\u001b[39m=\u001b[32m\"h-px flex-1 bg-slate-200\"\u001b[39m\n            \u001b[36m/>\u001b[39m\n          \u001b[36m</div>\u001b[39m\n          \u001b[36m<button\u001b[39m\n            \u001b[33mclass\u001b[39m=\u001b[32m\"w-full rounded-2xl border border-slate-200 bg-white py-4 text-slate-700 font-medium hover:bg-slate-50 transition\"\u001b[39m\n            \u001b[33mtype\u001b[39m=\u001b[32m\"button\"\u001b[39m\n          \u001b[36m>\u001b[39m\n            \u001b[0mSign up with Google\u001b[0m\n          \u001b[36m</button>\u001b[39m\n          \u001b[36m<div\u001b[39m\n            \u001b[33mclass\u001b[39m=\u001b[32m\"text-center mt-4\"\u001b[39m\n          \u001b[36m>\u001b[39m\n            \u001b[36m<a\u001b[39m\n              \u001b[33mclass\u001b[39m=\u001b[32m\"text-sm font-semibold text-violet-600 hover:text-violet-700 transition\"\u001b[39m\n              \u001b[33mhref\u001b[39m=\u001b[32m\"/login\"\u001b[39m\n            \u001b[36m>\u001b[39m\n              \u001b[0mSign in\u001b[0m\n            \u001b[36m</a>\u001b[39m\n          \u001b[36m</div>\u001b[39m\n        \u001b[36m</div>\u001b[39m\n        \u001b[36m<div\u001b[39m\n          \u001b[33mclass\u001b[39m=\u001b[32m\"mt-10 h-5 w-full rounded-full bg-gradient-to-r from-violet-600 to-fuchsia-500 opacity-90\"\u001b[39m\n        \u001b[36m/>\u001b[39m\n      \u001b[36m</div>\u001b[39m\n    \u001b[36m</main>\u001b[39m\n  \u001b[36m</div>\u001b[39m\n\u001b[36m</body>\u001b[39m\n    at Object.getElementError (C:\\Users\\rabbi\\MoodFLOW\\frontend\\node_modules\\@testing-library\\dom\\dist\\config.js:37:19)\n    at getElementError (C:\\Users\\rabbi\\MoodFLOW\\frontend\\node_modules\\@testing-library\\dom\\dist\\query-helpers.js:20:35)\n    at getMultipleElementsFoundError (C:\\Users\\rabbi\\MoodFLOW\\frontend\\node_modules\\@testing-library\\dom\\dist\\query-helpers.js:23:10)\n    at C:\\Users\\rabbi\\MoodFLOW\\frontend\\node_modules\\@testing-library\\dom\\dist\\query-helpers.js:55:13\n    at C:\\Users\\rabbi\\MoodFLOW\\frontend\\node_modules\\@testing-library\\dom\\dist\\query-helpers.js:95:19\n    at Object.getByRole (C:\\Users\\rabbi\\MoodFLOW\\frontend\\src\\app\\signup\\page.test.tsx:44:30)\n    at Promise.finally.completed (C:\\Users\\rabbi\\MoodFLOW\\frontend\\node_modules\\jest-circus\\build\\jestAdapterInit.js:1557:28)\n    at new Promise (<anonymous>)\n    at callAsyncCircusFn (C:\\Users\\rabbi\\MoodFLOW\\frontend\\node_modules\\jest-circus\\build\\jestAdapterInit.js:1497:10)\n    at _callCircusTest (C:\\Users\\rabbi\\MoodFLOW\\frontend\\node_modules\\jest-circus\\build\\jestAdapterInit.js:1007:40)\n    at _runTest (C:\\Users\\rabbi\\MoodFLOW\\frontend\\node_modules\\jest-circus\\build\\jestAdapterInit.js:947:3)\n    at C:\\Users\\rabbi\\MoodFLOW\\frontend\\node_modules\\jest-circus\\build\\jestAdapterInit.js:849:7\n    at _runTestsForDescribeBlock (C:\\Users\\rabbi\\MoodFLOW\\frontend\\node_modules\\jest-circus\\build\\jestAdapterInit.js:862:11)\n    at _runTestsForDescribeBlock (C:\\Users\\rabbi\\MoodFLOW\\frontend\\node_modules\\jest-circus\\build\\jestAdapterInit.js:857:11)\n    at run (C:\\Users\\rabbi\\MoodFLOW\\frontend\\node_modules\\jest-circus\\build\\jestAdapterInit.js:761:3)\n    at runAndTransformResultsToJestFormat (C:\\Users\\rabbi\\MoodFLOW\\frontend\\node_modules\\jest-circus\\build\\jestAdapterInit.js:1918:21)\n    at jestAdapter (C:\\Users\\rabbi\\MoodFLOW\\frontend\\node_modules\\jest-circus\\build\\runner.js:101:19)\n    at runTestInternal (C:\\Users\\rabbi\\MoodFLOW\\frontend\\node_modules\\jest-runner\\build\\index.js:275:16)\n    at runTest (C:\\Users\\rabbi\\MoodFLOW\\frontend\\node_modules\\jest-runner\\build\\index.js:343:7)"],"fullName":"SignUpPage Form Validation Empty required fields -> validation error shown (HTML5 validation)","invocations":1,"location":null,"numPassingAsserts":0,"retryReasons":[],"startAt":1774229742366,"status":"failed","title":"Empty required fields -> validation error shown (HTML5 validation)"},{"ancestorTitles":["SignUpPage Form Validation"],"duration":855,"failing":false,"failureDetails":[],"failureMessages":[],"fullName":"SignUpPage Form Validation Password mismatch -> error message appears","invocations":1,"location":null,"numPassingAsserts":2,"retryReasons":[],"startAt":1774229742497,"status":"passed","title":"Password mismatch -> error message appears"},{"ancestorTitles":["SignUpPage Form Validation"],"duration":737,"failing":false,"failureDetails":[],"failureMessages":[],"fullName":"SignUpPage Form Validation Invalid email -> error message appears","invocations":1,"location":null,"numPassingAsserts":1,"retryReasons":[],"startAt":1774229743353,"status":"passed","title":"Invalid email -> error message appears"},{"ancestorTitles":["SignUpPage Form Validation"],"duration":767,"failing":false,"failureDetails":[],"failureMessages":[],"fullName":"SignUpPage Form Validation Valid input -> form submits successfully and redirects","invocations":1,"location":null,"numPassingAsserts":2,"retryReasons":[],"startAt":1774229744091,"status":"passed","title":"Valid input -> form submits successfully and redirects"}],"endTime":1774229744867,"message":"\u001b[1m\u001b[31m  \u001b[1m● \u001b[22m\u001b[1mSignUpPage Form Validation › Empty required fields -> validation error shown (HTML5 validation)\u001b[39m\u001b[22m\n\n    TestingLibraryElementError: Found multiple elements with the role \"button\" and name `/Sign Up/i`\n\n    Here are the matching elements:\n\n    Ignored nodes: comments, script, style\n    \u001b[36m<button\u001b[39m\n      \u001b[33mclass\u001b[39m=\u001b[32m\"w-full mt-4 rounded-2xl bg-gradient-to-r from-violet-600 to-fuchsia-500 py-4 text-white font-semibold text-lg shadow-[0_12px_30px_rgba(139,92,246,0.28)] hover:scale-[1.01] transition\"\u001b[39m\n      \u001b[33mtype\u001b[39m=\u001b[32m\"submit\"\u001b[39m\n    \u001b[36m>\u001b[39m\n      \u001b[0mSign Up\u001b[0m\n    \u001b[36m</button>\u001b[39m\n\n    Ignored nodes: comments, script, style\n    \u001b[36m<button\u001b[39m\n      \u001b[33mclass\u001b[39m=\u001b[32m\"w-full rounded-2xl border border-slate-200 bg-white py-4 text-slate-700 font-medium hover:bg-slate-50 transition\"\u001b[39m\n      \u001b[33mtype\u001b[39m=\u001b[32m\"button\"\u001b[39m\n    \u001b[36m>\u001b[39m\n      \u001b[0mSign up with Google\u001b[0m\n    \u001b[36m</button>\u001b[39m\n\n    (If this is intentional, then use the `*AllBy*` variant of the query (like `queryAllByText`, `getAllByText`, or `findAllByText`)).\n\n    Ignored nodes: comments, script, style\n    \u001b[36m<body>\u001b[39m\n      \u001b[36m<div>\u001b[39m\n        \u001b[36m<main\u001b[39m\n          \u001b[33mclass\u001b[39m=\u001b[32m\"min-h-screen bg-[#f8f8fb] text-slate-900 flex items-center justify-center px-6 py-16\"\u001b[39m\n        \u001b[36m>\u001b[39m\n          \u001b[36m<div\u001b[39m\n            \u001b[33mclass\u001b[39m=\u001b[32m\"w-full max-w-md\"\u001b[39m\n          \u001b[36m>\u001b[39m\n            \u001b[36m<div\u001b[39m\n              \u001b[33mclass\u001b[39m=\u001b[32m\"flex items-center justify-center gap-3 mb-8\"\u001b[39m\n            \u001b[36m>\u001b[39m\n              \u001b[36m<div\u001b[39m\n                \u001b[33mclass\u001b[39m=\u001b[32m\"w-12 h-12 rounded-xl bg-gradient-to-r from-violet-600 to-fuchsia-500 text-white flex items-center justify-center font-bold text-2xl shadow-lg shadow-violet-500/20\"\u001b[39m\n              \u001b[36m>\u001b[39m\n                \u001b[0mM\u001b[0m\n              \u001b[36m</div>\u001b[39m\n              \u001b[36m<span\u001b[39m\n                \u001b[33mclass\u001b[39m=\u001b[32m\"text-4xl font-extrabold tracking-tight text-slate-900\"\u001b[39m\n              \u001b[36m>\u001b[39m\n                \u001b[0mMoodFLOW\u001b[0m\n              \u001b[36m</span>\u001b[39m\n            \u001b[36m</div>\u001b[39m\n            \u001b[36m<div\u001b[39m\n              \u001b[33mclass\u001b[39m=\u001b[32m\"rounded-[32px] bg-white shadow-[0_20px_60px_rgba(15,23,42,0.08)] border border-slate-100 px-8 py-10\"\u001b[39m\n            \u001b[36m>\u001b[39m\n              \u001b[36m<div\u001b[39m\n                \u001b[33mclass\u001b[39m=\u001b[32m\"text-center mb-8\"\u001b[39m\n              \u001b[36m>\u001b[39m\n                \u001b[36m<h1\u001b[39m\n                  \u001b[33mclass\u001b[39m=\u001b[32m\"text-4xl font-extrabold tracking-tight text-slate-900\"\u001b[39m\n                \u001b[36m>\u001b[39m\n                  \u001b[0mSign up for a new account\u001b[0m\n                \u001b[36m</h1>\u001b[39m\n                \u001b[36m<p\u001b[39m\n                  \u001b[33mclass\u001b[39m=\u001b[32m\"mt-3 text-base text-slate-500\"\u001b[39m\n                \u001b[36m>\u001b[39m\n                  \u001b[0mWelcome! Please enter your details to create a new account\u001b[0m\n                \u001b[36m</p>\u001b[39m\n              \u001b[36m</div>\u001b[39m\n              \u001b[36m<form\u001b[39m\n                \u001b[33mclass\u001b[39m=\u001b[32m\"space-y-5\"\u001b[39m\n              \u001b[36m>\u001b[39m\n                \u001b[36m<div>\u001b[39m\n                  \u001b[36m<label\u001b[39m\n                    \u001b[33mclass\u001b[39m=\u001b[32m\"block text-sm font-semibold text-slate-700 mb-2\"\u001b[39m\n                  \u001b[36m>\u001b[39m\n                    \u001b[0mEmail address\u001b[0m\n                  \u001b[36m</label>\u001b[39m\n                  \u001b[36m<div\u001b[39m\n                    \u001b[33mclass\u001b[39m=\u001b[32m\"flex items-center gap-3 rounded-2xl border border-slate-200 bg-white px-4 py-4 focus-within:ring-2 focus-within:ring-violet-500/20 focus-within:border-violet-400 transition\"\u001b[39m\n                  \u001b[36m>\u001b[39m\n                    \u001b[36m<svg\u001b[39m\n                      \u001b[33maria-hidden\u001b[39m=\u001b[32m\"true\"\u001b[39m\n                      \u001b[33mclass\u001b[39m=\u001b[32m\"lucide lucide-mail w-5 h-5 text-slate-400\"\u001b[39m\n                      \u001b[33mfill\u001b[39m=\u001b[32m\"none\"\u001b[39m\n                      \u001b[33mheight\u001b[39m=\u001b[32m\"24\"\u001b[39m\n                      \u001b[33mstroke\u001b[39m=\u001b[32m\"currentColor\"\u001b[39m\n                      \u001b[33mstroke-linecap\u001b[39m=\u001b[32m\"round\"\u001b[39m\n                      \u001b[33mstroke-linejoin\u001b[39m=\u001b[32m\"round\"\u001b[39m\n                      \u001b[33mstroke-width\u001b[39m=\u001b[32m\"2\"\u001b[39m\n                      \u001b[33mviewBox\u001b[39m=\u001b[32m\"0 0 24 24\"\u001b[39m\n                      \u001b[33mwidth\u001b[39m=\u001b[32m\"24\"\u001b[39m\n                      \u001b[33mxmlns\u001b[39m=\u001b[32m\"http://www.w3.org/2000/svg\"\u001b[39m\n                    \u001b[36m>\u001b[39m\n                      \u001b[36m<path\u001b[39m\n                        \u001b[33md\u001b[39m=\u001b[32m\"m22 7-8.991 5.727a2 2 0 0 1-2.009 0L2 7\"\u001b[39m\n                      \u001b[36m/>\u001b[39m\n                      \u001b[36m<rect\u001b[39m\n                        \u001b[33mheight\u001b[39m=\u001b[32m\"16\"\u001b[39m\n                        \u001b[33mrx\u001b[39m=\u001b[32m\"2\"\u001b[39m\n                        \u001b[33mwidth\u001b[39m=\u001b[32m\"20\"\u001b[39m\n                        \u001b[33mx\u001b[39m=\u001b[32m\"2\"\u001b[39m\n                        \u001b[33my\u001b[39m=\u001b[32m\"4\"\u001b[39m\n                      \u001b[36m/>\u001b[39m\n                    \u001b[36m</svg>\u001b[39m\n                    \u001b[36m<input\u001b[39m\n                      \u001b[33mclass\u001b[39m=\u001b[32m\"w-full bg-transparent outline-none text-slate-700 placeholder:text-slate-400\"\u001b[39m\n                      \u001b[33mplaceholder\u001b[39m=\u001b[32m\"Email address\"\u001b[39m\n                      \u001b[33mrequired\u001b[39m=\u001b[32m\"\"\u001b[39m\n                      \u001b[33mtype\u001b[39m=\u001b[32m\"email\"\u001b[39m\n                      \u001b[33mvalue\u001b[39m=\u001b[32m\"\"\u001b[39m\n                    \u001b[36m/>\u001b[39m\n                  \u001b[36m</div>\u001b[39m\n                \u001b[36m</div>\u001b[39m\n                \u001b[36m<div>\u001b[39m\n                  \u001b[36m<label\u001b[39m\n                    \u001b[33mclass\u001b[39m=\u001b[32m\"block text-sm font-semibold text-slate-700 mb-2\"\u001b[39m\n                  \u001b[36m>\u001b[39m\n                    \u001b[0mPassword\u001b[0m\n                  \u001b[36m</label>\u001b[39m\n                  \u001b[36m<div\u001b[39m\n                    \u001b[33mclass\u001b[39m=\u001b[32m\"flex items-center gap-3 rounded-2xl border border-slate-200 bg-white px-4 py-4 focus-within:ring-2 focus-within:ring-violet-500/20 focus-within:border-violet-400 transition\"\u001b[39m\n                  \u001b[36m>\u001b[39m\n                    \u001b[36m<svg\u001b[39m\n                      \u001b[33maria-hidden\u001b[39m=\u001b[32m\"true\"\u001b[39m\n                      \u001b[33mclass\u001b[39m=\u001b[32m\"lucide lucide-lock w-5 h-5 text-slate-400\"\u001b[39m\n                      \u001b[33mfill\u001b[39m=\u001b[32m\"none\"\u001b[39m\n                      \u001b[33mheight\u001b[39m=\u001b[32m\"24\"\u001b[39m\n                      \u001b[33mstroke\u001b[39m=\u001b[32m\"currentColor\"\u001b[39m\n                      \u001b[33mstroke-linecap\u001b[39m=\u001b[32m\"round\"\u001b[39m\n                      \u001b[33mstroke-linejoin\u001b[39m=\u001b[32m\"round\"\u001b[39m\n                      \u001b[33mstroke-width\u001b[39m=\u001b[32m\"2\"\u001b[39m\n                      \u001b[33mviewBox\u001b[39m=\u001b[32m\"0 0 24 24\"\u001b[39m\n                      \u001b[33mwidth\u001b[39m=\u001b[32m\"24\"\u001b[39m\n                      \u001b[33mxmlns\u001b[39m=\u001b[32m\"http://www.w3.org/2000/svg\"\u001b[39m\n                    \u001b[36m>\u001b[39m\n                      \u001b[36m<rect\u001b[39m\n                        \u001b[33mheight\u001b[39m=\u001b[32m\"11\"\u001b[39m\n                        \u001b[33mrx\u001b[39m=\u001b[32m\"2\"\u001b[39m\n                        \u001b[33mry\u001b[39m=\u001b[32m\"2\"\u001b[39m\n                        \u001b[33mwidth\u001b[39m=\u001b[32m\"18\"\u001b[39m\n                        \u001b[33mx\u001b[39m=\u001b[32m\"3\"\u001b[39m\n                        \u001b[33my\u001b[39m=\u001b[32m\"11\"\u001b[39m\n                      \u001b[36m/>\u001b[39m\n                      \u001b[36m<path\u001b[39m\n                        \u001b[33md\u001b[39m=\u001b[32m\"M7 11V7a5 5 0 0 1 10 0v4\"\u001b[39m\n                      \u001b[36m/>\u001b[39m\n                    \u001b[36m</svg>\u001b[39m\n                    \u001b[36m<input\u001b[39m\n                      \u001b[33mclass\u001b[39m=\u001b[32m\"w-full bg-transparent outline-none text-slate-700 placeholder:text-slate-400\"\u001b[39m\n                      \u001b[33mplaceholder\u001b[39m=\u001b[32m\"Password\"\u001b[39m\n                      \u001b[33mrequired\u001b[39m=\u001b[32m\"\"\u001b[39m\n                      \u001b[33mtype\u001b[39m=\u001b[32m\"password\"\u001b[39m\n                      \u001b[33mvalue\u001b[39m=\u001b[32m\"\"\u001b[39m\n                    \u001b[36m/>\u001b[39m\n                  \u001b[36m</div>\u001b[39m\n                \u001b[36m</div>\u001b[39m\n                \u001b[36m<div>\u001b[39m\n                  \u001b[36m<label\u001b[39m\n                    \u001b[33mclass\u001b[39m=\u001b[32m\"block text-sm font-semibold text-slate-700 mb-2\"\u001b[39m\n                  \u001b[36m>\u001b[39m\n                    \u001b[0mConfirm Password\u001b[0m\n                  \u001b[36m</label>\u001b[39m\n                  \u001b[36m<div\u001b[39m\n                    \u001b[33mclass\u001b[39m=\u001b[32m\"flex items-center gap-3 rounded-2xl border border-slate-200 bg-white px-4 py-4 focus-within:ring-2 focus-within:ring-violet-500/20 focus-within:border-violet-400 transition\"\u001b[39m\n                  \u001b[36m>\u001b[39m\n                    \u001b[36m<svg\u001b[39m\n                      \u001b[33maria-hidden\u001b[39m=\u001b[32m\"true\"\u001b[39m\n                      \u001b[33mclass\u001b[39m=\u001b[32m\"lucide lucide-lock w-5 h-5 text-slate-400\"\u001b[39m\n                      \u001b[33mfill\u001b[39m=\u001b[32m\"none\"\u001b[39m\n                      \u001b[33mheight\u001b[39m=\u001b[32m\"24\"\u001b[39m\n                      \u001b[33mstroke\u001b[39m=\u001b[32m\"currentColor\"\u001b[39m\n                      \u001b[33mstroke-linecap\u001b[39m=\u001b[32m\"round\"\u001b[39m\n                      \u001b[33mstroke-linejoin\u001b[39m=\u001b[32m\"round\"\u001b[39m\n                      \u001b[33mstroke-width\u001b[39m=\u001b[32m\"2\"\u001b[39m\n                      \u001b[33mviewBox\u001b[39m=\u001b[32m\"0 0 24 24\"\u001b[39m\n                      \u001b[33mwidth\u001b[39m=\u001b[32m\"24\"\u001b[39m\n                      \u001b[33mxmlns\u001b[39m=\u001b[32m\"http://www.w3.org/2000/svg\"\u001b[39m\n                    \u001b[36m>\u001b[39m\n                      \u001b[36m<rect\u001b[39m\n                        \u001b[33mheight\u001b[39m=\u001b[32m\"11\"\u001b[39m\n                        \u001b[33mrx\u001b[39m=\u001b[32m\"2\"\u001b[39m\n                        \u001b[33mry\u001b[39m=\u001b[32m\"2\"\u001b[39m\n                        \u001b[33mwidth\u001b[39m=\u001b[32m\"18\"\u001b[39m\n                        \u001b[33mx\u001b[39m=\u001b[32m\"3\"\u001b[39m\n                        \u001b[33my\u001b[39m=\u001b[32m\"11\"\u001b[39m\n                      \u001b[36m/>\u001b[39m\n                      \u001b[36m<path\u001b[39m\n                        \u001b[33md\u001b[39m=\u001b[32m\"M7 11V7a5 5 0 0 1 10 0v4\"\u001b[39m\n                      \u001b[36m/>\u001b[39m\n                    \u001b[36m</svg>\u001b[39m\n                    \u001b[36m<input\u001b[39m\n                      \u001b[33mclass\u001b[39m=\u001b[32m\"w-full bg-transparent outline-none text-slate-700 placeholder:text-slate-400\"\u001b[39m\n                      \u001b[33mplaceholder\u001b[39m=\u001b[32m\"Password\"\u001b[39m\n                      \u001b[33mrequired\u001b[39m=\u001b[32m\"\"\u001b[39m\n                      \u001b[33mtype\u001b[39m=\u001b[32m\"password\"\u001b[39m\n                      \u001b[33mvalue\u001b[39m=\u001b[32m\"\"\u001b[39m\n                    \u001b[36m/>\u001b[39m\n                  \u001b[36m</div>\u001b[39m\n                \u001b[36m</div>\u001b[39m\n                \u001b[36m<button\u001b[39m\n                  \u001b[33mclass\u001b[39m=\u001b[32m\"w-full mt-4 rounded-2xl bg-gradient-to-r from-violet-600 to-fuchsia-500 py-4 text-white font-semibold text-lg shadow-[0_12px_30px_rgba(139,92,246,0.28)] hover:scale-[1.01] transition\"\u001b[39m\n                  \u001b[33mtype\u001b[39m=\u001b[32m\"submit\"\u001b[39m\n                \u001b[36m>\u001b[39m\n                  \u001b[0mSign Up\u001b[0m\n                \u001b[36m</button>\u001b[39m\n              \u001b[36m</form>\u001b[39m\n              \u001b[36m<div\u001b[39m\n                \u001b[33mclass\u001b[39m=\u001b[32m\"flex items-center gap-4 my-8\"\u001b[39m\n              \u001b[36m>\u001b[39m\n                \u001b[36m<div\u001b[39m\n                  \u001b[33mclass\u001b[39m=\u001b[32m\"h-px flex-1 bg-slate-200\"\u001b[39m\n                \u001b[36m/>\u001b[39m\n                \u001b[36m<span\u001b[39m\n                  \u001b[33mclass\u001b[39m=\u001b[32m\"text-sm text-slate-400 font-medium\"\u001b[39m\n                \u001b[36m>\u001b[39m\n                  \u001b[0mor\u001b[0m\n                \u001b[36m</span>\u001b[39m\n                \u001b[36m<div\u001b[39m\n                  \u001b[33mclass\u001b[39m=\u001b[32m\"h-px flex-1 bg-slate-200\"\u001b[39m\n                \u001b[36m/>\u001b[39m\n              \u001b[36m</div>\u001b[39m\n              \u001b[36m<button\u001b[39m\n                \u001b[33mclass\u001b[39m=\u001b[32m\"w-full rounded-2xl border border-slate-200 bg-white py-4 text-slate-700 font-medium hover:bg-slate-50 transition\"\u001b[39m\n                \u001b[33mtype\u001b[39m=\u001b[32m\"button\"\u001b[39m\n              \u001b[36m>\u001b[39m\n                \u001b[0mSign up with Google\u001b[0m\n              \u001b[36m</button>\u001b[39m\n              \u001b[36m<div\u001b[39m\n                \u001b[33mclass\u001b[39m=\u001b[32m\"text-center mt-4\"\u001b[39m\n              \u001b[36m>\u001b[39m\n                \u001b[36m<a\u001b[39m\n                  \u001b[33mclass\u001b[39m=\u001b[32m\"text-sm font-semibold text-violet-600 hover:text-violet-700 transition\"\u001b[39m\n                  \u001b[33mhref\u001b[39m=\u001b[32m\"/login\"\u001b[39m\n                \u001b[36m>\u001b[39m\n                  \u001b[0mSign in\u001b[0m\n                \u001b[36m</a>\u001b[39m\n              \u001b[36m</div>\u001b[39m\n            \u001b[36m</div>\u001b[39m\n            \u001b[36m<div\u001b[39m\n              \u001b[33mclass\u001b[39m=\u001b[32m\"mt-10 h-5 w-full rounded-full bg-gradient-to-r from-violet-600 to-fuchsia-500 opacity-90\"\u001b[39m\n            \u001b[36m/>\u001b[39m\n          \u001b[36m</div>\u001b[39m\n        \u001b[36m</main>\u001b[39m\n      \u001b[36m</div>\u001b[39m\n    \u001b[36m</body>\u001b[39m\n\u001b[2m\u001b[22m\n\u001b[2m    \u001b[0m \u001b[90m 42 |\u001b[39m   test(\u001b[32m'Empty required fields -> validation error shown (HTML5 validation)'\u001b[39m\u001b[33m,\u001b[39m \u001b[36masync\u001b[39m () \u001b[33m=>\u001b[39m {\u001b[22m\n\u001b[2m     \u001b[90m 43 |\u001b[39m     render(\u001b[33m<\u001b[39m\u001b[33mSignUpPage\u001b[39m \u001b[33m/\u001b[39m\u001b[33m>\u001b[39m)\u001b[33m;\u001b[39m\u001b[22m\n\u001b[2m    \u001b[31m\u001b[1m>\u001b[22m\u001b[2m\u001b[39m\u001b[90m 44 |\u001b[39m     \u001b[36mconst\u001b[39m submitBtn \u001b[33m=\u001b[39m screen\u001b[33m.\u001b[39mgetByRole(\u001b[32m'button'\u001b[39m\u001b[33m,\u001b[39m { name\u001b[33m:\u001b[39m \u001b[35m/Sign Up/i\u001b[39m })\u001b[33m;\u001b[39m\u001b[22m\n\u001b[2m     \u001b[90m    |\u001b[39m                              \u001b[31m\u001b[1m^\u001b[22m\u001b[2m\u001b[39m\u001b[22m\n\u001b[2m     \u001b[90m 45 |\u001b[39m     \u001b[22m\n\u001b[2m     \u001b[90m 46 |\u001b[39m     \u001b[90m// HTML form validation should prevent standard submission if fields are empty\u001b[39m\u001b[22m\n\u001b[2m     \u001b[90m 47 |\u001b[39m     \u001b[90m// so we can test if the inputs are marked required.\u001b[39m\u001b[0m\u001b[22m\n\u001b[2m\u001b[22m\n\u001b[2m      \u001b[2mat Object.getElementError (\u001b[22m\u001b[2mnode_modules/@testing-library/dom/dist/config.js\u001b[2m:37:19)\u001b[22m\u001b[2m\u001b[22m\n\u001b[2m      \u001b[2mat getElementError (\u001b[22m\u001b[2mnode_modules/@testing-library/dom/dist/query-helpers.js\u001b[2m:20:35)\u001b[22m\u001b[2m\u001b[22m\n\u001b[2m      \u001b[2mat getMultipleElementsFoundError (\u001b[22m\u001b[2mnode_modules/@testing-library/dom/dist/query-helpers.js\u001b[2m:23:10)\u001b[22m\u001b[2m\u001b[22m\n\u001b[2m      \u001b[2mat \u001b[22m\u001b[2mnode_modules/@testing-library/dom/dist/query-helpers.js\u001b[2m:55:13\u001b[22m\u001b[2m\u001b[22m\n\u001b[2m      \u001b[2mat \u001b[22m\u001b[2mnode_modules/@testing-library/dom/dist/query-helpers.js\u001b[2m:95:19\u001b[22m\u001b[2m\u001b[22m\n\u001b[2m      \u001b[2mat Object.getByRole (\u001b[22m\u001b[2m\u001b[0m\u001b[36msrc/app/signup/page.test.tsx\u001b[39m\u001b[0m\u001b[2m:44:30)\u001b[22m\u001b[2m\u001b[22m\n","name":"C:\\Users\\rabbi\\MoodFLOW\\frontend\\src\\app\\signup\\page.test.tsx","startTime":1774229741507,"status":"failed","summary":""}],"wasInterrupted":false}
