{"numFailedTestSuites":1,"numFailedTests":0,"numPassedTestSuites":0,"numPassedTests":0,"numPendingTestSuites":0,"numPendingTests":0,"numRuntimeErrorTestSuites":1,"numTodoTests":0,"numTotalTestSuites":1,"numTotalTests":0,"openHandles":[],"snapshot":{"added":0,"didUpdate":false,"failure":false,"filesAdded":0,"filesRemoved":0,"filesRemovedList":[],"filesUnmatched":0,"filesUpdated":0,"matched":0,"total":0,"unchecked":0,"uncheckedKeysByFile":[],"unmatched":0,"updated":0},"startTime":1774229971938,"success":false,"testResults":[{"assertionResults":[],"coverage":{},"endTime":1774229972667,"message":"  ΓùÅ Test suite failed to run\n\n    Cannot find module '@/lib/firebase' from 'src/app/dashboard/page.test.tsx'\n\n    \u001b[0m \u001b[90m 13 |\u001b[39m }))\u001b[33m;\u001b[39m\n     \u001b[90m 14 |\u001b[39m\n    \u001b[31m\u001b[1m>\u001b[22m\u001b[39m\u001b[90m 15 |\u001b[39m jest\u001b[33m.\u001b[39mmock(\u001b[32m'@/lib/firebase'\u001b[39m\u001b[33m,\u001b[39m () \u001b[33m=>\u001b[39m ({\n     \u001b[90m    |\u001b[39m      \u001b[31m\u001b[1m^\u001b[22m\u001b[39m\n     \u001b[90m 16 |\u001b[39m   auth\u001b[33m:\u001b[39m {}\u001b[33m,\u001b[39m\n     \u001b[90m 17 |\u001b[39m }))\u001b[33m;\u001b[39m\n     \u001b[90m 18 |\u001b[39m\u001b[0m\n\n      at Resolver._throwModNotFoundError (node_modules/jest-resolve/build/index.js:863:11)\n      at Object.mock (src/app/dashboard/page.test.tsx:15:6)\n","name":"C:\\Users\\rabbi\\MoodFLOW\\frontend\\src\\app\\dashboard\\page.test.tsx","startTime":1774229972667,"status":"failed","summary":""}],"wasInterrupted":false}
